<?xml version="1.0" encoding="UTF-8"?>
<coverage generated="1720687212110" clover="3.2.0">
  <project timestamp="1720687212110" name="All files">
    <metrics statements="18" coveredstatements="14" conditionals="4" coveredconditionals="2" methods="2" coveredmethods="2" elements="24" coveredelements="18" complexity="0" loc="18" ncloc="18" packages="1" files="1" classes="1"/>
    <file name="paypalUtils.js" path="/home/atala/Coding/Personal-Projects/Garden_Of_Ancients_Application/server/src/utils/paypalUtils.js">
      <metrics statements="18" coveredstatements="14" conditionals="4" coveredconditionals="2" methods="2" coveredmethods="2"/>
      <line num="5" count="1" type="stmt"/>
      <line num="8" count="1" type="stmt"/>
      <line num="9" count="3" type="cond" truecount="1" falsecount="1"/>
      <line num="10" count="0" type="stmt"/>
      <line num="12" count="3" type="stmt"/>
      <line num="15" count="1" type="stmt"/>
      <line num="16" count="1" type="stmt"/>
      <line num="17" count="1" type="stmt"/>
      <line num="19" count="1" type="stmt"/>
      <line num="20" count="1" type="stmt"/>
      <line num="22" count="1" type="stmt"/>
      <line num="23" count="1" type="stmt"/>
      <line num="32" count="1" type="cond" truecount="1" falsecount="1"/>
      <line num="33" count="0" type="stmt"/>
      <line num="36" count="1" type="stmt"/>
      <line num="37" count="1" type="stmt"/>
      <line num="39" count="0" type="stmt"/>
      <line num="40" count="0" type="stmt"/>
    </file>
  </project>
</coverage>
